2018-09-14 at 18:32:46 CST INFO  utils.Log 21 info - utils.DriverFactoryUtil: 杀死chrome浏览器进程成功
2018-09-14 at 18:32:49 CST INFO  utils.Log 21 info - utils.DriverUtil: 打开网址: http://127.0.0.1:81/index.php
2018-09-14 at 18:32:49 CST INFO  utils.Log 21 info - utils.DriverUtil: 进入登录页面成功
2018-09-14 at 18:32:49 CST INFO  utils.Log 21 info - utils.DriverUtil: 截图成功，图片保存路径为：E:\workspace\UItest\shot\LoginPage_2018_09_14_18_32_49.png
2018-09-14 at 18:32:49 CST ERROR utils.Log 31 error - utils.DriverUtil: 元素：用户名输入框 识别异常
2018-09-14 at 18:32:50 CST INFO  utils.Log 21 info - utils.DriverUtil: 截图成功，图片保存路径为：E:\workspace\UItest\shot\findElementErrorImage_2018_09_14_18_32_49.png
2018-09-14 at 18:33:33 CST INFO  utils.Log 21 info - utils.DriverFactoryUtil: 杀死chrome浏览器进程成功
2018-09-14 at 18:33:36 CST INFO  utils.Log 21 info - utils.DriverUtil: 打开网址: http://127.0.0.1:81/zentao/
2018-09-14 at 18:33:36 CST INFO  utils.Log 21 info - utils.DriverUtil: 进入登录页面成功
2018-09-14 at 18:33:37 CST INFO  utils.Log 21 info - utils.DriverUtil: 截图成功，图片保存路径为：E:\workspace\UItest\shot\LoginPage_2018_09_14_18_33_36.png
2018-09-14 at 18:35:21 CST INFO  utils.Log 21 info - utils.DriverFactoryUtil: 杀死chrome浏览器进程成功
2018-09-14 at 18:35:24 CST INFO  utils.Log 21 info - utils.DriverUtil: 打开网址: http://127.0.0.1:81/zentao/
2018-09-14 at 18:35:24 CST INFO  utils.Log 21 info - utils.DriverUtil: 进入登录页面成功
2018-09-14 at 18:35:24 CST INFO  utils.Log 21 info - utils.DriverUtil: 截图成功，图片保存路径为：E:\workspace\UItest\shot\LoginPage_2018_09_14_18_35_24.png
2018-09-14 at 18:36:44 CST INFO  utils.Log 21 info - utils.DriverFactoryUtil: 杀死chrome浏览器进程成功
2018-09-14 at 18:36:48 CST INFO  utils.Log 21 info - utils.DriverUtil: 打开网址: http://127.0.0.1:81/zentao/
2018-09-14 at 18:36:48 CST INFO  utils.Log 21 info - utils.DriverUtil: 进入登录页面成功
2018-09-14 at 18:36:48 CST INFO  utils.Log 21 info - utils.DriverUtil: 截图成功，图片保存路径为：E:\workspace\UItest\shot\LoginPage_2018_09_14_18_36_48.png
2018-09-14 at 18:46:22 CST INFO  utils.Log 21 info - utils.DriverFactoryUtil: 杀死chrome浏览器进程成功
2018-09-14 at 18:46:25 CST INFO  utils.Log 21 info - utils.DriverUtil: 打开网址: http://127.0.0.1:81/zentao/
2018-09-14 at 18:46:25 CST INFO  utils.Log 21 info - utils.DriverUtil: 进入登录页面成功
2018-09-14 at 18:46:25 CST INFO  utils.Log 21 info - utils.DriverUtil: 截图成功，图片保存路径为：E:\workspace\UItest\shot\LoginPage_2018_09_14_18_46_25.png
2018-09-14 at 18:55:14 CST INFO  utils.Log 21 info - utils.DriverFactoryUtil: 杀死chrome浏览器进程成功
2018-09-14 at 18:55:18 CST INFO  utils.Log 21 info - utils.DriverUtil: 打开网址: http://127.0.0.1:81/zentao/
2018-09-14 at 18:55:18 CST INFO  utils.Log 21 info - utils.DriverUtil: 进入登录页面成功
2018-09-14 at 18:55:19 CST INFO  utils.Log 21 info - utils.DriverUtil: 截图成功，图片保存路径为：E:\workspace\UItest\shot\LoginPage_2018_09_14_18_55_18.png
2018-09-14 at 18:59:48 CST INFO  utils.Log 21 info - utils.DriverFactoryUtil: 杀死chrome浏览器进程成功
2018-09-14 at 18:59:52 CST INFO  utils.Log 21 info - utils.DriverUtil: 打开网址: http://127.0.0.1:81/zentao/
2018-09-14 at 18:59:52 CST INFO  utils.Log 21 info - utils.DriverUtil: 进入登录页面成功
2018-09-14 at 18:59:52 CST INFO  utils.Log 21 info - utils.DriverUtil: 截图成功，图片保存路径为：E:\workspace\UItest\shot\LoginPage_2018_09_14_18_59_52.png
2018-09-14 at 18:59:52 CST ERROR utils.Log 31 error - utils.DriverUtil: 元素：用户名输入框 识别异常
2018-09-14 at 18:59:52 CST INFO  utils.Log 21 info - utils.DriverUtil: 截图成功，图片保存路径为：E:\workspace\UItest\shot\findElementErrorImage_2018_09_14_18_59_52.png
2018-09-14 at 19:00:21 CST INFO  utils.Log 21 info - utils.DriverFactoryUtil: 杀死chrome浏览器进程成功
2018-09-14 at 19:00:24 CST INFO  utils.Log 21 info - utils.DriverUtil: 打开网址: http://127.0.0.1:81/zentao/
2018-09-14 at 19:00:24 CST INFO  utils.Log 21 info - utils.DriverUtil: 进入登录页面成功
2018-09-14 at 19:00:25 CST INFO  utils.Log 21 info - utils.DriverUtil: 截图成功，图片保存路径为：E:\workspace\UItest\shot\LoginPage_2018_09_14_19_00_24.png
2018-09-14 at 19:08:18 CST INFO  utils.Log 21 info - utils.DriverFactoryUtil: 杀死chrome浏览器进程成功
2018-09-14 at 19:08:22 CST INFO  utils.Log 21 info - utils.DriverUtil: 打开网址: http://127.0.0.1:81/zentao/
2018-09-14 at 19:08:22 CST INFO  utils.Log 21 info - utils.DriverUtil: 进入登录页面成功
2018-09-14 at 19:08:22 CST INFO  utils.Log 21 info - utils.DriverUtil: 截图成功，图片保存路径为：E:\workspace\UItest\shot\LoginPage_2018_09_14_19_08_22.png
2018-09-14 at 19:08:23 CST INFO  utils.Log 21 info - utils.DriverUtil: 在元素  用户名输入框 输入：admin
2018-09-14 at 19:08:23 CST INFO  utils.Log 21 info - utils.DriverUtil: 在元素  密码输入框 输入：meiyanghua123
2018-09-14 at 19:08:23 CST INFO  utils.Log 21 info - utils.DriverUtil: 点击元素登录按钮
2018-09-14 at 19:08:23 CST INFO  utils.Log 21 info - utils.DriverUtil: 点击元素产品首页
2018-09-14 at 19:08:24 CST INFO  utils.Log 21 info - utils.DriverUtil: 点击元素添加产品
2018-09-14 at 19:08:24 CST INFO  utils.Log 21 info - utils.DriverUtil: 在元素  产品名称 输入：product01
2018-09-14 at 19:08:24 CST INFO  utils.Log 21 info - utils.DriverUtil: 在元素  产品代号 输入：test01
2018-09-14 at 19:08:24 CST INFO  utils.Log 21 info - utils.DriverUtil: 点击元素选择产品负责人
2018-09-14 at 19:08:24 CST INFO  utils.Log 21 info - utils.KeyBoardUtils: 按下键成功
2018-09-14 at 19:08:26 CST INFO  utils.Log 21 info - utils.KeyBoardUtils: ENTER成功
2018-09-14 at 19:08:26 CST INFO  utils.Log 21 info - utils.DriverUtil: 点击元素测试负责人
2018-09-14 at 19:08:26 CST INFO  utils.Log 21 info - utils.KeyBoardUtils: 按下键成功
2018-09-14 at 19:08:28 CST INFO  utils.Log 21 info - utils.KeyBoardUtils: ENTER成功
2018-09-14 at 19:08:28 CST INFO  utils.Log 21 info - utils.DriverUtil: 点击元素保存按钮
2018-09-21 at 11:18:01 CST INFO  utils.Log 21 info - utils.DriverFactoryUtil: 杀死chrome浏览器进程成功
2018-09-21 at 11:18:06 CST INFO  utils.Log 21 info - utils.DriverUtil: 打开网址: http://127.0.0.1:81/zentao/
2018-09-21 at 11:18:06 CST INFO  utils.Log 21 info - utils.DriverUtil: 进入登录页面成功
2018-09-21 at 11:18:06 CST INFO  utils.Log 21 info - utils.DriverUtil: 截图成功，图片保存路径为：E:\workspace\UItest\shot\LoginPage_2018_09_21_11_18_06.png
2018-09-21 at 11:18:06 CST INFO  utils.Log 21 info - utils.DriverUtil: 在元素  用户名输入框 输入：admin
2018-09-21 at 11:18:06 CST INFO  utils.Log 21 info - utils.DriverUtil: 在元素  密码输入框 输入：meiyanghua123
2018-09-21 at 11:18:07 CST INFO  utils.Log 21 info - utils.DriverUtil: 点击元素登录按钮
2018-09-21 at 11:18:07 CST INFO  utils.Log 21 info - utils.DriverUtil: 点击元素产品首页
2018-09-21 at 11:18:08 CST INFO  utils.Log 21 info - utils.DriverUtil: 点击元素添加产品
2018-09-21 at 11:18:08 CST INFO  utils.Log 21 info - utils.DriverUtil: 在元素  产品名称 输入：product01
2018-09-21 at 11:18:08 CST INFO  utils.Log 21 info - utils.DriverUtil: 在元素  产品代号 输入：test01
2018-09-21 at 11:18:08 CST INFO  utils.Log 21 info - utils.DriverUtil: 点击元素选择产品负责人
2018-09-21 at 11:18:08 CST INFO  utils.Log 21 info - utils.KeyBoardUtils: 按下键成功
2018-09-21 at 11:18:10 CST INFO  utils.Log 21 info - utils.KeyBoardUtils: ENTER成功
2018-09-21 at 11:18:10 CST INFO  utils.Log 21 info - utils.DriverUtil: 点击元素测试负责人
2018-09-21 at 11:18:10 CST INFO  utils.Log 21 info - utils.KeyBoardUtils: 按下键成功
2018-09-21 at 11:18:12 CST INFO  utils.Log 21 info - utils.KeyBoardUtils: ENTER成功
2018-09-21 at 11:18:12 CST INFO  utils.Log 21 info - utils.DriverUtil: 点击元素保存按钮
